Flow report for KursinisCalc
Wed Nov 21 01:24:41 2018
Quartus II Version 10.1 Build 153 11/29/2010 SJ Web Edition


---------------------
; Table of Contents ;
---------------------
  1. Legal Notice
  2. Flow Summary
  3. Flow Settings
  4. Flow Non-Default Global Settings
  5. Flow Elapsed Time
  6. Flow OS Summary
  7. Flow Log



----------------
; Legal Notice ;
----------------
Copyright (C) 1991-2010 Altera Corporation
Your use of Altera Corporation's design tools, logic functions 
and other software and tools, and its AMPP partner logic 
functions, and any output files from any of the foregoing 
(including device programming or simulation files), and any 
associated documentation or information are expressly subject 
to the terms and conditions of the Altera Program License 
Subscription Agreement, Altera MegaCore Function License 
Agreement, or other applicable license agreement, including, 
without limitation, that your use is for the sole purpose of 
programming logic devices manufactured by Altera and sold by 
Altera or its authorized distributors.  Please refer to the 
applicable agreement for further details.



+-------------------------------------------------------------------------------+
; Flow Summary                                                                  ;
+------------------------------------+------------------------------------------+
; Flow Status                        ; Successful - Wed Nov 21 01:24:41 2018    ;
; Quartus II Version                 ; 10.1 Build 153 11/29/2010 SJ Web Edition ;
; Revision Name                      ; KursinisCalc                             ;
; Top-level Entity Name              ; KursinisCalc                             ;
; Family                             ; Cyclone III                              ;
; Device                             ; EP3C16F484C6                             ;
; Timing Models                      ; Final                                    ;
; Total logic elements               ; 126 / 15,408 ( < 1 % )                   ;
;     Total combinational functions  ; 95 / 15,408 ( < 1 % )                    ;
;     Dedicated logic registers      ; 75 / 15,408 ( < 1 % )                    ;
; Total registers                    ; 75                                       ;
; Total pins                         ; 53 / 347 ( 15 % )                        ;
; Total virtual pins                 ; 0                                        ;
; Total memory bits                  ; 0 / 516,096 ( 0 % )                      ;
; Embedded Multiplier 9-bit elements ; 0 / 112 ( 0 % )                          ;
; Total PLLs                         ; 0 / 4 ( 0 % )                            ;
+------------------------------------+------------------------------------------+


+-----------------------------------------+
; Flow Settings                           ;
+-------------------+---------------------+
; Option            ; Setting             ;
+-------------------+---------------------+
; Start date & time ; 11/21/2018 01:24:23 ;
; Main task         ; Compilation         ;
; Revision Name     ; KursinisCalc        ;
+-------------------+---------------------+


+---------------------------------------------------------------------------------------------------------------------------------------------------------+
; Flow Non-Default Global Settings                                                                                                                        ;
+---------------------------------------+------------------------------------------------------------------+---------------+-------------+----------------+
; Assignment Name                       ; Value                                                            ; Default Value ; Entity Name ; Section Id     ;
+---------------------------------------+------------------------------------------------------------------+---------------+-------------+----------------+
; COMPILER_SIGNATURE_ID                 ; 123719792761320.154275626309528                                  ; --            ; --          ; --             ;
; EDA_OUTPUT_DATA_FORMAT                ; Vhdl                                                             ; --            ; --          ; eda_simulation ;
; EDA_SIMULATION_TOOL                   ; ModelSim-Altera (VHDL)                                           ; <None>        ; --          ; --             ;
; MAX_CORE_JUNCTION_TEMP                ; 85                                                               ; --            ; --          ; --             ;
; MIN_CORE_JUNCTION_TEMP                ; 0                                                                ; --            ; --          ; --             ;
; MISC_FILE                             ; E:/Program Files (x86)/altera/13.1/KursinisCalc/KursinisCalc.dpf ; --            ; --          ; --             ;
; NOMINAL_CORE_SUPPLY_VOLTAGE           ; 1.2V                                                             ; --            ; --          ; --             ;
; PARTITION_COLOR                       ; 16764057                                                         ; --            ; --          ; Top            ;
; PARTITION_FITTER_PRESERVATION_LEVEL   ; PLACEMENT_AND_ROUTING                                            ; --            ; --          ; Top            ;
; PARTITION_NETLIST_TYPE                ; SOURCE                                                           ; --            ; --          ; Top            ;
; PROJECT_OUTPUT_DIRECTORY              ; output_files                                                     ; --            ; --          ; --             ;
; SYNCHRONIZATION_REGISTER_CHAIN_LENGTH ; 2                                                                ; 3             ; --          ; --             ;
+---------------------------------------+------------------------------------------------------------------+---------------+-------------+----------------+


+-------------------------------------------------------------------------------------------------------------------------------+
; Flow Elapsed Time                                                                                                             ;
+---------------------------+--------------+-------------------------+---------------------+------------------------------------+
; Module Name               ; Elapsed Time ; Average Processors Used ; Peak Virtual Memory ; Total CPU Time (on all processors) ;
+---------------------------+--------------+-------------------------+---------------------+------------------------------------+
; Analysis & Synthesis      ; 00:00:03     ; 1.0                     ; 304 MB              ; 00:00:03                           ;
; Fitter                    ; 00:00:07     ; 1.0                     ; 350 MB              ; 00:00:07                           ;
; Assembler                 ; 00:00:01     ; 1.0                     ; 270 MB              ; 00:00:01                           ;
; TimeQuest Timing Analyzer ; 00:00:03     ; 1.0                     ; 268 MB              ; 00:00:03                           ;
; EDA Netlist Writer        ; 00:00:01     ; 1.0                     ; 226 MB              ; 00:00:01                           ;
; Total                     ; 00:00:15     ; --                      ; --                  ; 00:00:15                           ;
+---------------------------+--------------+-------------------------+---------------------+------------------------------------+


+----------------------------------------------------------------------------------------+
; Flow OS Summary                                                                        ;
+---------------------------+------------------+-----------+------------+----------------+
; Module Name               ; Machine Hostname ; OS Name   ; OS Version ; Processor type ;
+---------------------------+------------------+-----------+------------+----------------+
; Analysis & Synthesis      ; DESKTOP-28HB88U  ; Windows 7 ; 6.2        ; x86_64         ;
; Fitter                    ; DESKTOP-28HB88U  ; Windows 7 ; 6.2        ; x86_64         ;
; Assembler                 ; DESKTOP-28HB88U  ; Windows 7 ; 6.2        ; x86_64         ;
; TimeQuest Timing Analyzer ; DESKTOP-28HB88U  ; Windows 7 ; 6.2        ; x86_64         ;
; EDA Netlist Writer        ; DESKTOP-28HB88U  ; Windows 7 ; 6.2        ; x86_64         ;
+---------------------------+------------------+-----------+------------+----------------+


------------
; Flow Log ;
------------
quartus_map --read_settings_files=on --write_settings_files=off KursinisCalc -c KursinisCalc
quartus_fit --read_settings_files=off --write_settings_files=off KursinisCalc -c KursinisCalc
quartus_asm --read_settings_files=off --write_settings_files=off KursinisCalc -c KursinisCalc
quartus_sta KursinisCalc -c KursinisCalc
quartus_eda --read_settings_files=off --write_settings_files=off KursinisCalc -c KursinisCalc



